<?xml version="1.0" encoding="UTF-8"?>
<!-- Generated by org.testng.reporters.JUnitReportReporter -->
<testsuite hostname="Priyankas-MacBook-Air.local" failures="0" tests="1" name="api.com.tests.PostMethodJson" time="2.254" errors="0" timestamp="30 Sep 2022 12:23:44 GMT" skipped="0">
  <testcase classname="api.com.tests.PostMethodJson" name="postmethodwithpojoclass" time="2.254"/>
</testsuite> <!-- api.com.tests.PostMethodJson -->
