<?xml version="1.0" encoding="UTF-8"?>
<!-- Generated by org.testng.reporters.JUnitReportReporter -->
<testsuite hostname="Priyankas-MacBook-Air.local" failures="0" tests="1" name="api.com.tests.PutMethodJson" time="2.125" errors="0" timestamp="30 Sep 2022 13:50:45 GMT" skipped="0">
  <testcase classname="api.com.tests.PutMethodJson" name="patchmethodpojo" time="2.125"/>
</testsuite> <!-- api.com.tests.PutMethodJson -->
